{
  "stats": {
    "suites": 4,
    "tests": 12,
    "passes": 12,
    "pending": 0,
    "failures": 0,
    "start": "2023-10-06T02:02:15.324Z",
    "end": "2023-10-06T02:03:54.024Z",
    "duration": 98700,
    "testsRegistered": 12,
    "passPercent": 100,
    "pendingPercent": 0,
    "other": 0,
    "hasOther": false,
    "skipped": 0,
    "hasSkipped": false
  },
  "results": [
    {
      "uuid": "9a51d9e6-2729-46ed-84be-8bdd9b3503ac",
      "title": "",
      "fullFile": "cypress\\e2e\\toolTests.js",
      "file": "cypress\\e2e\\toolTests.js",
      "beforeHooks": [],
      "afterHooks": [],
      "tests": [],
      "suites": [
        {
          "uuid": "bf64c2d4-4ff6-4dc5-be2f-eb8b6a7c0155",
          "title": "toolTests live desktop",
          "fullFile": "",
          "file": "",
          "beforeHooks": [],
          "afterHooks": [],
          "tests": [
            {
              "title": "citation run in hebrew mode",
              "fullTitle": "toolTests live desktop citation run in hebrew mode",
              "timedOut": null,
              "duration": 10999,
              "state": "passed",
              "speed": "slow",
              "pass": true,
              "fail": false,
              "pending": false,
              "context": "\"videos/toolTests.js.mp4\"",
              "code": "cy.setLanguageMode({\n  language: 'Hebrew'\n});\ncy.intercept('**/api/markpsukim**').as('req');\ncy.findCitation('משה קבל תורה מסיני ומסרה ליהושע');\ncy.wait('@req', {\n  timeout: 120000\n});\ncy.resultsTests(' משֶׁה קִבֵּל תּוֹרָה מִסִּינַי וּמְסָרָהּ לִיהוֹשֻׁעַ וִיהוֹשֻׁעַ לִזְקֵנִים וּזְקֵנִים');",
              "err": {},
              "uuid": "5e97b2e6-201e-4127-9b4d-ec8ef15cd559",
              "parentUUID": "bf64c2d4-4ff6-4dc5-be2f-eb8b6a7c0155",
              "isHook": false,
              "skipped": false
            },
            {
              "title": "citation run in english mode",
              "fullTitle": "toolTests live desktop citation run in english mode",
              "timedOut": null,
              "duration": 6998,
              "state": "passed",
              "speed": "medium",
              "pass": true,
              "fail": false,
              "pending": false,
              "context": "\"videos/toolTests.js.mp4\"",
              "code": "cy.setLanguageMode({\n  language: 'English'\n});\ncy.intercept('**/api/markpsukim**').as('req');\ncy.findCitation('משה קבל תורה מסיני ומסרה ליהושע');\ncy.wait('@req', {\n  timeout: 120000\n});\ncy.resultsTests(' משֶׁה קִבֵּל תּוֹרָה מִסִּינַי וּמְסָרָהּ לִיהוֹשֻׁעַ וִיהוֹשֻׁעַ לִזְקֵנִים וּזְקֵנִים');",
              "err": {},
              "uuid": "6b590e48-e98c-48bc-a299-bac1cac1dc06",
              "parentUUID": "bf64c2d4-4ff6-4dc5-be2f-eb8b6a7c0155",
              "isHook": false,
              "skipped": false
            },
            {
              "title": "graph in hebrew mode",
              "fullTitle": "toolTests live desktop graph in hebrew mode",
              "timedOut": null,
              "duration": 7770,
              "state": "passed",
              "speed": "medium",
              "pass": true,
              "fail": false,
              "pending": false,
              "context": "\"videos/toolTests.js.mp4\"",
              "code": "cy.setLanguageMode({\n  language: 'Hebrew'\n});\ncy.intercept('**/api/markpsukim**').as('req');\ncy.findCitation('משה קבל תורה מסיני ומסרה ליהושע');\ncy.wait('@req', {\n  timeout: 120000\n});\ncy.get('[class=\"col-auto\"]').contains('הערות שוליים').siblings().click({\n  force: true\n});\ncy.get('[role=\"presentation\"]').contains('גרף').click({\n  force: true\n});\ncy.get('[id=\"frame\"]', {\n  timeout: 300000\n}).should('exist');",
              "err": {},
              "uuid": "49081287-a599-45d1-a931-5def3c8d9d27",
              "parentUUID": "bf64c2d4-4ff6-4dc5-be2f-eb8b6a7c0155",
              "isHook": false,
              "skipped": false
            }
          ],
          "suites": [],
          "passes": [
            "5e97b2e6-201e-4127-9b4d-ec8ef15cd559",
            "6b590e48-e98c-48bc-a299-bac1cac1dc06",
            "49081287-a599-45d1-a931-5def3c8d9d27"
          ],
          "failures": [],
          "pending": [],
          "skipped": [],
          "duration": 25767,
          "root": false,
          "rootEmpty": false,
          "_timeout": 2000
        },
        {
          "uuid": "4b4b07bc-8fd8-46f0-9e9d-60a686019be8",
          "title": "toolTests live mobile",
          "fullFile": "",
          "file": "",
          "beforeHooks": [],
          "afterHooks": [],
          "tests": [
            {
              "title": "citation run in hebrew mode",
              "fullTitle": "toolTests live mobile citation run in hebrew mode",
              "timedOut": null,
              "duration": 6411,
              "state": "passed",
              "speed": "medium",
              "pass": true,
              "fail": false,
              "pending": false,
              "context": "\"videos/toolTests.js.mp4\"",
              "code": "cy.setLanguageMode({\n  language: 'Hebrew'\n});\ncy.intercept('**/api/markpsukim**').as('req');\ncy.findCitation('משה קבל תורה מסיני ומסרה ליהושע');\ncy.wait('@req', {\n  timeout: 120000\n});\ncy.resultsTests(' משֶׁה קִבֵּל תּוֹרָה מִסִּינַי וּמְסָרָהּ לִיהוֹשֻׁעַ וִיהוֹשֻׁעַ לִזְקֵנִים וּזְקֵנִים');",
              "err": {},
              "uuid": "609ac09f-089b-49db-9dee-91e7c6bd7507",
              "parentUUID": "4b4b07bc-8fd8-46f0-9e9d-60a686019be8",
              "isHook": false,
              "skipped": false
            },
            {
              "title": "citation run in english mode",
              "fullTitle": "toolTests live mobile citation run in english mode",
              "timedOut": null,
              "duration": 7206,
              "state": "passed",
              "speed": "medium",
              "pass": true,
              "fail": false,
              "pending": false,
              "context": "\"videos/toolTests.js.mp4\"",
              "code": "cy.setLanguageMode({\n  language: 'English'\n});\ncy.intercept('**/api/markpsukim**').as('req');\ncy.findCitation('משה קבל תורה מסיני ומסרה ליהושע');\ncy.wait('@req', {\n  timeout: 120000\n});\ncy.resultsTests(' משֶׁה קִבֵּל תּוֹרָה מִסִּינַי וּמְסָרָהּ לִיהוֹשֻׁעַ וִיהוֹשֻׁעַ לִזְקֵנִים וּזְקֵנִים');",
              "err": {},
              "uuid": "cf7d67e0-8e98-4541-ba82-e48acf487f5d",
              "parentUUID": "4b4b07bc-8fd8-46f0-9e9d-60a686019be8",
              "isHook": false,
              "skipped": false
            },
            {
              "title": "graph in hebrew mode",
              "fullTitle": "toolTests live mobile graph in hebrew mode",
              "timedOut": null,
              "duration": 6574,
              "state": "passed",
              "speed": "medium",
              "pass": true,
              "fail": false,
              "pending": false,
              "context": "\"videos/toolTests.js.mp4\"",
              "code": "cy.setLanguageMode({\n  language: 'Hebrew'\n});\ncy.intercept('**/api/markpsukim**').as('req');\ncy.findCitation('משה קבל תורה מסיני ומסרה ליהושע');\ncy.wait('@req', {\n  timeout: 120000\n});\ncy.get('[class=\"col-auto\"]').contains('הערות שוליים').siblings().click({\n  force: true\n});\ncy.get('[role=\"presentation\"]').contains('גרף').click({\n  force: true\n});\ncy.get('[id=\"frame\"]', {\n  timeout: 300000\n}).should('exist');",
              "err": {},
              "uuid": "8f23c8e8-d880-4aa8-855d-ceb601a9d3e2",
              "parentUUID": "4b4b07bc-8fd8-46f0-9e9d-60a686019be8",
              "isHook": false,
              "skipped": false
            }
          ],
          "suites": [],
          "passes": [
            "609ac09f-089b-49db-9dee-91e7c6bd7507",
            "cf7d67e0-8e98-4541-ba82-e48acf487f5d",
            "8f23c8e8-d880-4aa8-855d-ceb601a9d3e2"
          ],
          "failures": [],
          "pending": [],
          "skipped": [],
          "duration": 20191,
          "root": false,
          "rootEmpty": false,
          "_timeout": 2000
        },
        {
          "uuid": "141ef353-6e42-4ee3-9195-d725d3d40ab1",
          "title": "toolTests dev desktop",
          "fullFile": "",
          "file": "",
          "beforeHooks": [],
          "afterHooks": [],
          "tests": [
            {
              "title": "citation run in hebrew mode",
              "fullTitle": "toolTests dev desktop citation run in hebrew mode",
              "timedOut": null,
              "duration": 8284,
              "state": "passed",
              "speed": "medium",
              "pass": true,
              "fail": false,
              "pending": false,
              "context": "\"videos/toolTests.js.mp4\"",
              "code": "cy.setLanguageMode({\n  language: 'Hebrew'\n});\ncy.intercept('**/api/markpsukim**').as('req');\ncy.findCitation('משה קבל תורה מסיני ומסרה ליהושע');\ncy.wait('@req', {\n  timeout: 120000\n});\ncy.resultsTests(' משֶׁה קִבֵּל תּוֹרָה מִסִּינַי וּמְסָרָהּ לִיהוֹשֻׁעַ וִיהוֹשֻׁעַ לִזְקֵנִים וּזְקֵנִים');",
              "err": {},
              "uuid": "c86458cc-6ab4-46a7-b8ce-54a2b3d50c56",
              "parentUUID": "141ef353-6e42-4ee3-9195-d725d3d40ab1",
              "isHook": false,
              "skipped": false
            },
            {
              "title": "citation run in english mode",
              "fullTitle": "toolTests dev desktop citation run in english mode",
              "timedOut": null,
              "duration": 6213,
              "state": "passed",
              "speed": "medium",
              "pass": true,
              "fail": false,
              "pending": false,
              "context": "\"videos/toolTests.js.mp4\"",
              "code": "cy.setLanguageMode({\n  language: 'English'\n});\ncy.intercept('**/api/markpsukim**').as('req');\ncy.findCitation('משה קבל תורה מסיני ומסרה ליהושע');\ncy.wait('@req', {\n  timeout: 120000\n});\ncy.resultsTests(' משֶׁה קִבֵּל תּוֹרָה מִסִּינַי וּמְסָרָהּ לִיהוֹשֻׁעַ וִיהוֹשֻׁעַ לִזְקֵנִים וּזְקֵנִים');",
              "err": {},
              "uuid": "73ee7dec-d734-4082-9c68-bbc857c2e3a4",
              "parentUUID": "141ef353-6e42-4ee3-9195-d725d3d40ab1",
              "isHook": false,
              "skipped": false
            },
            {
              "title": "graph in hebrew mode",
              "fullTitle": "toolTests dev desktop graph in hebrew mode",
              "timedOut": null,
              "duration": 6905,
              "state": "passed",
              "speed": "medium",
              "pass": true,
              "fail": false,
              "pending": false,
              "context": "\"videos/toolTests.js.mp4\"",
              "code": "cy.setLanguageMode({\n  language: 'Hebrew'\n});\ncy.intercept('**/api/markpsukim**').as('req');\ncy.findCitation('משה קבל תורה מסיני ומסרה ליהושע');\ncy.wait('@req', {\n  timeout: 120000\n});\ncy.get('[class=\"col-auto\"]').contains('הערות שוליים').siblings().click({\n  force: true\n});\ncy.get('[role=\"presentation\"]').contains('גרף').click({\n  force: true\n});\ncy.get('[id=\"frame\"]', {\n  timeout: 300000\n}).should('exist');",
              "err": {},
              "uuid": "95eab0eb-44de-4a23-8fdc-c29f70f94606",
              "parentUUID": "141ef353-6e42-4ee3-9195-d725d3d40ab1",
              "isHook": false,
              "skipped": false
            }
          ],
          "suites": [],
          "passes": [
            "c86458cc-6ab4-46a7-b8ce-54a2b3d50c56",
            "73ee7dec-d734-4082-9c68-bbc857c2e3a4",
            "95eab0eb-44de-4a23-8fdc-c29f70f94606"
          ],
          "failures": [],
          "pending": [],
          "skipped": [],
          "duration": 21402,
          "root": false,
          "rootEmpty": false,
          "_timeout": 2000
        },
        {
          "uuid": "022894d2-df47-4fa0-9c1d-26538f42b178",
          "title": "toolTests dev mobile",
          "fullFile": "",
          "file": "",
          "beforeHooks": [],
          "afterHooks": [],
          "tests": [
            {
              "title": "citation run in hebrew mode",
              "fullTitle": "toolTests dev mobile citation run in hebrew mode",
              "timedOut": null,
              "duration": 6197,
              "state": "passed",
              "speed": "medium",
              "pass": true,
              "fail": false,
              "pending": false,
              "context": "\"videos/toolTests.js.mp4\"",
              "code": "cy.setLanguageMode({\n  language: 'Hebrew'\n});\ncy.intercept('**/api/markpsukim**').as('req');\ncy.findCitation('משה קבל תורה מסיני ומסרה ליהושע');\ncy.wait('@req', {\n  timeout: 120000\n});\ncy.resultsTests(' משֶׁה קִבֵּל תּוֹרָה מִסִּינַי וּמְסָרָהּ לִיהוֹשֻׁעַ וִיהוֹשֻׁעַ לִזְקֵנִים וּזְקֵנִים');",
              "err": {},
              "uuid": "6fb17123-20fd-4b4b-8050-3de2a9fe4e57",
              "parentUUID": "022894d2-df47-4fa0-9c1d-26538f42b178",
              "isHook": false,
              "skipped": false
            },
            {
              "title": "citation run in english mode",
              "fullTitle": "toolTests dev mobile citation run in english mode",
              "timedOut": null,
              "duration": 7451,
              "state": "passed",
              "speed": "medium",
              "pass": true,
              "fail": false,
              "pending": false,
              "context": "\"videos/toolTests.js.mp4\"",
              "code": "cy.setLanguageMode({\n  language: 'English'\n});\ncy.intercept('**/api/markpsukim**').as('req');\ncy.findCitation('משה קבל תורה מסיני ומסרה ליהושע');\ncy.wait('@req', {\n  timeout: 120000\n});\ncy.resultsTests(' משֶׁה קִבֵּל תּוֹרָה מִסִּינַי וּמְסָרָהּ לִיהוֹשֻׁעַ וִיהוֹשֻׁעַ לִזְקֵנִים וּזְקֵנִים');",
              "err": {},
              "uuid": "93d43526-10d0-4a68-8c78-09a4f67ce26f",
              "parentUUID": "022894d2-df47-4fa0-9c1d-26538f42b178",
              "isHook": false,
              "skipped": false
            },
            {
              "title": "graph in hebrew mode",
              "fullTitle": "toolTests dev mobile graph in hebrew mode",
              "timedOut": null,
              "duration": 7391,
              "state": "passed",
              "speed": "medium",
              "pass": true,
              "fail": false,
              "pending": false,
              "context": "\"videos/toolTests.js.mp4\"",
              "code": "cy.setLanguageMode({\n  language: 'Hebrew'\n});\ncy.intercept('**/api/markpsukim**').as('req');\ncy.findCitation('משה קבל תורה מסיני ומסרה ליהושע');\ncy.wait('@req', {\n  timeout: 120000\n});\ncy.get('[class=\"col-auto\"]').contains('הערות שוליים').siblings().click({\n  force: true\n});\ncy.get('[role=\"presentation\"]').contains('גרף').click({\n  force: true\n});\ncy.get('[id=\"frame\"]', {\n  timeout: 300000\n}).should('exist');",
              "err": {},
              "uuid": "e8252255-ded9-4856-afb6-5c2a81a1ea96",
              "parentUUID": "022894d2-df47-4fa0-9c1d-26538f42b178",
              "isHook": false,
              "skipped": false
            }
          ],
          "suites": [],
          "passes": [
            "6fb17123-20fd-4b4b-8050-3de2a9fe4e57",
            "93d43526-10d0-4a68-8c78-09a4f67ce26f",
            "e8252255-ded9-4856-afb6-5c2a81a1ea96"
          ],
          "failures": [],
          "pending": [],
          "skipped": [],
          "duration": 21039,
          "root": false,
          "rootEmpty": false,
          "_timeout": 2000
        }
      ],
      "passes": [],
      "failures": [],
      "pending": [],
      "skipped": [],
      "duration": 0,
      "root": true,
      "rootEmpty": true,
      "_timeout": 2000
    }
  ],
  "meta": {
    "mocha": {
      "version": "7.0.1"
    },
    "mochawesome": {
      "options": {
        "quiet": false,
        "reportFilename": "mochawesome",
        "saveHtml": false,
        "saveJson": true,
        "consoleReporter": "spec",
        "useInlineDiffs": false,
        "code": true
      },
      "version": "7.1.3"
    },
    "marge": {
      "options": {
        "id": "default",
        "reportDir": "cypress/results/json",
        "overwrite": false,
        "html": false,
        "json": true
      },
      "version": "6.2.0"
    }
  }
}